Determining if files unistd.h exist failed with the following output:
Change Dir: D:/cloud/Porphyrograph/share/freeglut-wacom/VC17/CMakeFiles/CMakeTmp

Run Build Command:"D:\Program Files (x86)\Microsoft Visual Studio\2017\Community/MSBuild/15.0/Bin/MSBuild.exe" "cmTC_17290.vcxproj" "/p:Configuration=Debug" "/p:VisualStudioVersion=15.0"
Microsoft (R) Build Engine version 15.1.1012.6693
Copyright (C) Microsoft Corporation. All rights reserved.

Build started 7/4/2017 11:47:41 PM.
Project "D:\cloud\Porphyrograph\share\freeglut-wacom\VC17\CMakeFiles\CMakeTmp\cmTC_17290.vcxproj" on node 1 (default targets).
PrepareForBuild:
  Creating directory "cmTC_17290.dir\Debug\".
  Creating directory "D:\cloud\Porphyrograph\share\freeglut-wacom\VC17\CMakeFiles\CMakeTmp\Debug\".
  Creating directory "cmTC_17290.dir\Debug\cmTC_17290.tlog\".
InitializeBuildStatus:
  Creating "cmTC_17290.dir\Debug\cmTC_17290.tlog\unsuccessfulbuild" because "AlwaysCreate" was specified.
ClCompile:
  D:\Program Files (x86)\Microsoft Visual Studio\2017\Community\VC\Tools\MSVC\14.10.25017\bin\HostX86\x86\CL.exe /c /Zi /W3 /WX- /diagnostics:classic /Od /Ob0 /Oy- /D WIN32 /D _WINDOWS /D "CMAKE_INTDIR=\"Debug\"" /D _MBCS /Gm- /RTC1 /MDd /GS /fp:precise /Zc:wchar_t /Zc:forScope /Zc:inline /Fo"cmTC_17290.dir\Debug\\" /Fd"cmTC_17290.dir\Debug\vc141.pdb" /Gd /TC /analyze- /errorReport:queue "D:\cloud\Porphyrograph\share\freeglut-wacom\VC17\CMakeFiles\CMakeTmp\CheckIncludeFiles.c"
  Microsoft (R) C/C++ Optimizing Compiler Version 19.10.25019 for x86
  Copyright (C) Microsoft Corporation.  All rights reserved.
  
  CheckIncludeFiles.c
  cl /c /Zi /W3 /WX- /diagnostics:classic /Od /Ob0 /Oy- /D WIN32 /D _WINDOWS /D "CMAKE_INTDIR=\"Debug\"" /D _MBCS /Gm- /RTC1 /MDd /GS /fp:precise /Zc:wchar_t /Zc:forScope /Zc:inline /Fo"cmTC_17290.dir\Debug\\" /Fd"cmTC_17290.dir\Debug\vc141.pdb" /Gd /TC /analyze- /errorReport:queue "D:\cloud\Porphyrograph\share\freeglut-wacom\VC17\CMakeFiles\CMakeTmp\CheckIncludeFiles.c"
  
D:\cloud\Porphyrograph\share\freeglut-wacom\VC17\CMakeFiles\CMakeTmp\CheckIncludeFiles.c(2): fatal error C1083: Cannot open include file: 'unistd.h': No such file or directory [D:\cloud\Porphyrograph\share\freeglut-wacom\VC17\CMakeFiles\CMakeTmp\cmTC_17290.vcxproj]
Done Building Project "D:\cloud\Porphyrograph\share\freeglut-wacom\VC17\CMakeFiles\CMakeTmp\cmTC_17290.vcxproj" (default targets) -- FAILED.

Build FAILED.

"D:\cloud\Porphyrograph\share\freeglut-wacom\VC17\CMakeFiles\CMakeTmp\cmTC_17290.vcxproj" (default target) (1) ->
(ClCompile target) -> 
  D:\cloud\Porphyrograph\share\freeglut-wacom\VC17\CMakeFiles\CMakeTmp\CheckIncludeFiles.c(2): fatal error C1083: Cannot open include file: 'unistd.h': No such file or directory [D:\cloud\Porphyrograph\share\freeglut-wacom\VC17\CMakeFiles\CMakeTmp\cmTC_17290.vcxproj]

    0 Warning(s)
    1 Error(s)

Time Elapsed 00:00:01.67

Source:
/* */
#include <unistd.h>


int main(void){return 0;}

Determining if files sys/time.h exist failed with the following output:
Change Dir: D:/cloud/Porphyrograph/share/freeglut-wacom/VC17/CMakeFiles/CMakeTmp

Run Build Command:"D:\Program Files (x86)\Microsoft Visual Studio\2017\Community/MSBuild/15.0/Bin/MSBuild.exe" "cmTC_79f96.vcxproj" "/p:Configuration=Debug" "/p:VisualStudioVersion=15.0"
Microsoft (R) Build Engine version 15.1.1012.6693
Copyright (C) Microsoft Corporation. All rights reserved.

Build started 7/4/2017 11:47:44 PM.
Project "D:\cloud\Porphyrograph\share\freeglut-wacom\VC17\CMakeFiles\CMakeTmp\cmTC_79f96.vcxproj" on node 1 (default targets).
PrepareForBuild:
  Creating directory "cmTC_79f96.dir\Debug\".
  Creating directory "D:\cloud\Porphyrograph\share\freeglut-wacom\VC17\CMakeFiles\CMakeTmp\Debug\".
  Creating directory "cmTC_79f96.dir\Debug\cmTC_79f96.tlog\".
InitializeBuildStatus:
  Creating "cmTC_79f96.dir\Debug\cmTC_79f96.tlog\unsuccessfulbuild" because "AlwaysCreate" was specified.
ClCompile:
  D:\Program Files (x86)\Microsoft Visual Studio\2017\Community\VC\Tools\MSVC\14.10.25017\bin\HostX86\x86\CL.exe /c /Zi /W3 /WX- /diagnostics:classic /Od /Ob0 /Oy- /D WIN32 /D _WINDOWS /D "CMAKE_INTDIR=\"Debug\"" /D _MBCS /Gm- /RTC1 /MDd /GS /fp:precise /Zc:wchar_t /Zc:forScope /Zc:inline /Fo"cmTC_79f96.dir\Debug\\" /Fd"cmTC_79f96.dir\Debug\vc141.pdb" /Gd /TC /analyze- /errorReport:queue "D:\cloud\Porphyrograph\share\freeglut-wacom\VC17\CMakeFiles\CMakeTmp\CheckIncludeFiles.c"
  Microsoft (R) C/C++ Optimizing Compiler Version 19.10.25019 for x86
  Copyright (C) Microsoft Corporation.  All rights reserved.
  
  CheckIncludeFiles.c
  cl /c /Zi /W3 /WX- /diagnostics:classic /Od /Ob0 /Oy- /D WIN32 /D _WINDOWS /D "CMAKE_INTDIR=\"Debug\"" /D _MBCS /Gm- /RTC1 /MDd /GS /fp:precise /Zc:wchar_t /Zc:forScope /Zc:inline /Fo"cmTC_79f96.dir\Debug\\" /Fd"cmTC_79f96.dir\Debug\vc141.pdb" /Gd /TC /analyze- /errorReport:queue "D:\cloud\Porphyrograph\share\freeglut-wacom\VC17\CMakeFiles\CMakeTmp\CheckIncludeFiles.c"
  
D:\cloud\Porphyrograph\share\freeglut-wacom\VC17\CMakeFiles\CMakeTmp\CheckIncludeFiles.c(2): fatal error C1083: Cannot open include file: 'sys/time.h': No such file or directory [D:\cloud\Porphyrograph\share\freeglut-wacom\VC17\CMakeFiles\CMakeTmp\cmTC_79f96.vcxproj]
Done Building Project "D:\cloud\Porphyrograph\share\freeglut-wacom\VC17\CMakeFiles\CMakeTmp\cmTC_79f96.vcxproj" (default targets) -- FAILED.

Build FAILED.

"D:\cloud\Porphyrograph\share\freeglut-wacom\VC17\CMakeFiles\CMakeTmp\cmTC_79f96.vcxproj" (default target) (1) ->
(ClCompile target) -> 
  D:\cloud\Porphyrograph\share\freeglut-wacom\VC17\CMakeFiles\CMakeTmp\CheckIncludeFiles.c(2): fatal error C1083: Cannot open include file: 'sys/time.h': No such file or directory [D:\cloud\Porphyrograph\share\freeglut-wacom\VC17\CMakeFiles\CMakeTmp\cmTC_79f96.vcxproj]

    0 Warning(s)
    1 Error(s)

Time Elapsed 00:00:01.57

Source:
/* */
#include <sys/time.h>


int main(void){return 0;}

Determining if files sys/param.h exist failed with the following output:
Change Dir: D:/cloud/Porphyrograph/share/freeglut-wacom/VC17/CMakeFiles/CMakeTmp

Run Build Command:"D:\Program Files (x86)\Microsoft Visual Studio\2017\Community/MSBuild/15.0/Bin/MSBuild.exe" "cmTC_25015.vcxproj" "/p:Configuration=Debug" "/p:VisualStudioVersion=15.0"
Microsoft (R) Build Engine version 15.1.1012.6693
Copyright (C) Microsoft Corporation. All rights reserved.

Build started 7/4/2017 11:47:48 PM.
Project "D:\cloud\Porphyrograph\share\freeglut-wacom\VC17\CMakeFiles\CMakeTmp\cmTC_25015.vcxproj" on node 1 (default targets).
PrepareForBuild:
  Creating directory "cmTC_25015.dir\Debug\".
  Creating directory "D:\cloud\Porphyrograph\share\freeglut-wacom\VC17\CMakeFiles\CMakeTmp\Debug\".
  Creating directory "cmTC_25015.dir\Debug\cmTC_25015.tlog\".
InitializeBuildStatus:
  Creating "cmTC_25015.dir\Debug\cmTC_25015.tlog\unsuccessfulbuild" because "AlwaysCreate" was specified.
ClCompile:
  D:\Program Files (x86)\Microsoft Visual Studio\2017\Community\VC\Tools\MSVC\14.10.25017\bin\HostX86\x86\CL.exe /c /Zi /W3 /WX- /diagnostics:classic /Od /Ob0 /Oy- /D WIN32 /D _WINDOWS /D "CMAKE_INTDIR=\"Debug\"" /D _MBCS /Gm- /RTC1 /MDd /GS /fp:precise /Zc:wchar_t /Zc:forScope /Zc:inline /Fo"cmTC_25015.dir\Debug\\" /Fd"cmTC_25015.dir\Debug\vc141.pdb" /Gd /TC /analyze- /errorReport:queue "D:\cloud\Porphyrograph\share\freeglut-wacom\VC17\CMakeFiles\CMakeTmp\CheckIncludeFiles.c"
  Microsoft (R) C/C++ Optimizing Compiler Version 19.10.25019 for x86
  Copyright (C) Microsoft Corporation.  All rights reserved.
  
  CheckIncludeFiles.c
  cl /c /Zi /W3 /WX- /diagnostics:classic /Od /Ob0 /Oy- /D WIN32 /D _WINDOWS /D "CMAKE_INTDIR=\"Debug\"" /D _MBCS /Gm- /RTC1 /MDd /GS /fp:precise /Zc:wchar_t /Zc:forScope /Zc:inline /Fo"cmTC_25015.dir\Debug\\" /Fd"cmTC_25015.dir\Debug\vc141.pdb" /Gd /TC /analyze- /errorReport:queue "D:\cloud\Porphyrograph\share\freeglut-wacom\VC17\CMakeFiles\CMakeTmp\CheckIncludeFiles.c"
  
D:\cloud\Porphyrograph\share\freeglut-wacom\VC17\CMakeFiles\CMakeTmp\CheckIncludeFiles.c(2): fatal error C1083: Cannot open include file: 'sys/param.h': No such file or directory [D:\cloud\Porphyrograph\share\freeglut-wacom\VC17\CMakeFiles\CMakeTmp\cmTC_25015.vcxproj]
Done Building Project "D:\cloud\Porphyrograph\share\freeglut-wacom\VC17\CMakeFiles\CMakeTmp\cmTC_25015.vcxproj" (default targets) -- FAILED.

Build FAILED.

"D:\cloud\Porphyrograph\share\freeglut-wacom\VC17\CMakeFiles\CMakeTmp\cmTC_25015.vcxproj" (default target) (1) ->
(ClCompile target) -> 
  D:\cloud\Porphyrograph\share\freeglut-wacom\VC17\CMakeFiles\CMakeTmp\CheckIncludeFiles.c(2): fatal error C1083: Cannot open include file: 'sys/param.h': No such file or directory [D:\cloud\Porphyrograph\share\freeglut-wacom\VC17\CMakeFiles\CMakeTmp\cmTC_25015.vcxproj]

    0 Warning(s)
    1 Error(s)

Time Elapsed 00:00:01.62

Source:
/* */
#include <sys/param.h>


int main(void){return 0;}

Determining if files sys/ioctl.h exist failed with the following output:
Change Dir: D:/cloud/Porphyrograph/share/freeglut-wacom/VC17/CMakeFiles/CMakeTmp

Run Build Command:"D:\Program Files (x86)\Microsoft Visual Studio\2017\Community/MSBuild/15.0/Bin/MSBuild.exe" "cmTC_3eb5d.vcxproj" "/p:Configuration=Debug" "/p:VisualStudioVersion=15.0"
Microsoft (R) Build Engine version 15.1.1012.6693
Copyright (C) Microsoft Corporation. All rights reserved.

Build started 7/4/2017 11:47:50 PM.
Project "D:\cloud\Porphyrograph\share\freeglut-wacom\VC17\CMakeFiles\CMakeTmp\cmTC_3eb5d.vcxproj" on node 1 (default targets).
PrepareForBuild:
  Creating directory "cmTC_3eb5d.dir\Debug\".
  Creating directory "D:\cloud\Porphyrograph\share\freeglut-wacom\VC17\CMakeFiles\CMakeTmp\Debug\".
  Creating directory "cmTC_3eb5d.dir\Debug\cmTC_3eb5d.tlog\".
InitializeBuildStatus:
  Creating "cmTC_3eb5d.dir\Debug\cmTC_3eb5d.tlog\unsuccessfulbuild" because "AlwaysCreate" was specified.
ClCompile:
  D:\Program Files (x86)\Microsoft Visual Studio\2017\Community\VC\Tools\MSVC\14.10.25017\bin\HostX86\x86\CL.exe /c /Zi /W3 /WX- /diagnostics:classic /Od /Ob0 /Oy- /D WIN32 /D _WINDOWS /D "CMAKE_INTDIR=\"Debug\"" /D _MBCS /Gm- /RTC1 /MDd /GS /fp:precise /Zc:wchar_t /Zc:forScope /Zc:inline /Fo"cmTC_3eb5d.dir\Debug\\" /Fd"cmTC_3eb5d.dir\Debug\vc141.pdb" /Gd /TC /analyze- /errorReport:queue "D:\cloud\Porphyrograph\share\freeglut-wacom\VC17\CMakeFiles\CMakeTmp\CheckIncludeFiles.c"
  Microsoft (R) C/C++ Optimizing Compiler Version 19.10.25019 for x86
  Copyright (C) Microsoft Corporation.  All rights reserved.
  
  CheckIncludeFiles.c
  cl /c /Zi /W3 /WX- /diagnostics:classic /Od /Ob0 /Oy- /D WIN32 /D _WINDOWS /D "CMAKE_INTDIR=\"Debug\"" /D _MBCS /Gm- /RTC1 /MDd /GS /fp:precise /Zc:wchar_t /Zc:forScope /Zc:inline /Fo"cmTC_3eb5d.dir\Debug\\" /Fd"cmTC_3eb5d.dir\Debug\vc141.pdb" /Gd /TC /analyze- /errorReport:queue "D:\cloud\Porphyrograph\share\freeglut-wacom\VC17\CMakeFiles\CMakeTmp\CheckIncludeFiles.c"
D:\cloud\Porphyrograph\share\freeglut-wacom\VC17\CMakeFiles\CMakeTmp\CheckIncludeFiles.c(2): fatal error C1083: Cannot open include file: 'sys/ioctl.h': No such file or directory [D:\cloud\Porphyrograph\share\freeglut-wacom\VC17\CMakeFiles\CMakeTmp\cmTC_3eb5d.vcxproj]
  
Done Building Project "D:\cloud\Porphyrograph\share\freeglut-wacom\VC17\CMakeFiles\CMakeTmp\cmTC_3eb5d.vcxproj" (default targets) -- FAILED.

Build FAILED.

"D:\cloud\Porphyrograph\share\freeglut-wacom\VC17\CMakeFiles\CMakeTmp\cmTC_3eb5d.vcxproj" (default target) (1) ->
(ClCompile target) -> 
  D:\cloud\Porphyrograph\share\freeglut-wacom\VC17\CMakeFiles\CMakeTmp\CheckIncludeFiles.c(2): fatal error C1083: Cannot open include file: 'sys/ioctl.h': No such file or directory [D:\cloud\Porphyrograph\share\freeglut-wacom\VC17\CMakeFiles\CMakeTmp\cmTC_3eb5d.vcxproj]

    0 Warning(s)
    1 Error(s)

Time Elapsed 00:00:01.59

Source:
/* */
#include <sys/ioctl.h>


int main(void){return 0;}

Determining if files usbhid.h exist failed with the following output:
Change Dir: D:/cloud/Porphyrograph/share/freeglut-wacom/VC17/CMakeFiles/CMakeTmp

Run Build Command:"D:\Program Files (x86)\Microsoft Visual Studio\2017\Community/MSBuild/15.0/Bin/MSBuild.exe" "cmTC_ec361.vcxproj" "/p:Configuration=Debug" "/p:VisualStudioVersion=15.0"
Microsoft (R) Build Engine version 15.1.1012.6693
Copyright (C) Microsoft Corporation. All rights reserved.

Build started 7/4/2017 11:47:55 PM.
Project "D:\cloud\Porphyrograph\share\freeglut-wacom\VC17\CMakeFiles\CMakeTmp\cmTC_ec361.vcxproj" on node 1 (default targets).
PrepareForBuild:
  Creating directory "cmTC_ec361.dir\Debug\".
  Creating directory "D:\cloud\Porphyrograph\share\freeglut-wacom\VC17\CMakeFiles\CMakeTmp\Debug\".
  Creating directory "cmTC_ec361.dir\Debug\cmTC_ec361.tlog\".
InitializeBuildStatus:
  Creating "cmTC_ec361.dir\Debug\cmTC_ec361.tlog\unsuccessfulbuild" because "AlwaysCreate" was specified.
ClCompile:
  D:\Program Files (x86)\Microsoft Visual Studio\2017\Community\VC\Tools\MSVC\14.10.25017\bin\HostX86\x86\CL.exe /c /Zi /W3 /WX- /diagnostics:classic /Od /Ob0 /Oy- /D WIN32 /D _WINDOWS /D "CMAKE_INTDIR=\"Debug\"" /D _MBCS /Gm- /RTC1 /MDd /GS /fp:precise /Zc:wchar_t /Zc:forScope /Zc:inline /Fo"cmTC_ec361.dir\Debug\\" /Fd"cmTC_ec361.dir\Debug\vc141.pdb" /Gd /TC /analyze- /errorReport:queue "D:\cloud\Porphyrograph\share\freeglut-wacom\VC17\CMakeFiles\CMakeTmp\CheckIncludeFiles.c"
  Microsoft (R) C/C++ Optimizing Compiler Version 19.10.25019 for x86
  Copyright (C) Microsoft Corporation.  All rights reserved.
  
  CheckIncludeFiles.c
  cl /c /Zi /W3 /WX- /diagnostics:classic /Od /Ob0 /Oy- /D WIN32 /D _WINDOWS /D "CMAKE_INTDIR=\"Debug\"" /D _MBCS /Gm- /RTC1 /MDd /GS /fp:precise /Zc:wchar_t /Zc:forScope /Zc:inline /Fo"cmTC_ec361.dir\Debug\\" /Fd"cmTC_ec361.dir\Debug\vc141.pdb" /Gd /TC /analyze- /errorReport:queue "D:\cloud\Porphyrograph\share\freeglut-wacom\VC17\CMakeFiles\CMakeTmp\CheckIncludeFiles.c"
  
D:\cloud\Porphyrograph\share\freeglut-wacom\VC17\CMakeFiles\CMakeTmp\CheckIncludeFiles.c(2): fatal error C1083: Cannot open include file: 'usbhid.h': No such file or directory [D:\cloud\Porphyrograph\share\freeglut-wacom\VC17\CMakeFiles\CMakeTmp\cmTC_ec361.vcxproj]
Done Building Project "D:\cloud\Porphyrograph\share\freeglut-wacom\VC17\CMakeFiles\CMakeTmp\cmTC_ec361.vcxproj" (default targets) -- FAILED.

Build FAILED.

"D:\cloud\Porphyrograph\share\freeglut-wacom\VC17\CMakeFiles\CMakeTmp\cmTC_ec361.vcxproj" (default target) (1) ->
(ClCompile target) -> 
  D:\cloud\Porphyrograph\share\freeglut-wacom\VC17\CMakeFiles\CMakeTmp\CheckIncludeFiles.c(2): fatal error C1083: Cannot open include file: 'usbhid.h': No such file or directory [D:\cloud\Porphyrograph\share\freeglut-wacom\VC17\CMakeFiles\CMakeTmp\cmTC_ec361.vcxproj]

    0 Warning(s)
    1 Error(s)

Time Elapsed 00:00:01.66

Source:
/* */
#include <usbhid.h>


int main(void){return 0;}

Determining if the function gettimeofday exists failed with the following output:
Change Dir: D:/cloud/Porphyrograph/share/freeglut-wacom/VC17/CMakeFiles/CMakeTmp

Run Build Command:"D:\Program Files (x86)\Microsoft Visual Studio\2017\Community/MSBuild/15.0/Bin/MSBuild.exe" "cmTC_adb26.vcxproj" "/p:Configuration=Debug" "/p:VisualStudioVersion=15.0"
Microsoft (R) Build Engine version 15.1.1012.6693
Copyright (C) Microsoft Corporation. All rights reserved.

Build started 7/4/2017 11:47:57 PM.
Project "D:\cloud\Porphyrograph\share\freeglut-wacom\VC17\CMakeFiles\CMakeTmp\cmTC_adb26.vcxproj" on node 1 (default targets).
PrepareForBuild:
  Creating directory "cmTC_adb26.dir\Debug\".
  Creating directory "D:\cloud\Porphyrograph\share\freeglut-wacom\VC17\CMakeFiles\CMakeTmp\Debug\".
  Creating directory "cmTC_adb26.dir\Debug\cmTC_adb26.tlog\".
InitializeBuildStatus:
  Creating "cmTC_adb26.dir\Debug\cmTC_adb26.tlog\unsuccessfulbuild" because "AlwaysCreate" was specified.
ClCompile:
  D:\Program Files (x86)\Microsoft Visual Studio\2017\Community\VC\Tools\MSVC\14.10.25017\bin\HostX86\x86\CL.exe /c /Zi /W3 /WX- /diagnostics:classic /Od /Ob0 /Oy- /D WIN32 /D _WINDOWS /D CHECK_FUNCTION_EXISTS=gettimeofday /D "CMAKE_INTDIR=\"Debug\"" /D _MBCS /Gm- /RTC1 /MDd /GS /fp:precise /Zc:wchar_t /Zc:forScope /Zc:inline /Fo"cmTC_adb26.dir\Debug\\" /Fd"cmTC_adb26.dir\Debug\vc141.pdb" /Gd /TC /analyze- /errorReport:queue "D:\Program Files\CMake\share\cmake-3.8\Modules\CheckFunctionExists.c"
  Microsoft (R) C/C++ Optimizing Compiler Version 19.10.25019 for x86
  Copyright (C) Microsoft Corporation.  All rights reserved.
  
  CheckFunctionExists.c
  cl /c /Zi /W3 /WX- /diagnostics:classic /Od /Ob0 /Oy- /D WIN32 /D _WINDOWS /D CHECK_FUNCTION_EXISTS=gettimeofday /D "CMAKE_INTDIR=\"Debug\"" /D _MBCS /Gm- /RTC1 /MDd /GS /fp:precise /Zc:wchar_t /Zc:forScope /Zc:inline /Fo"cmTC_adb26.dir\Debug\\" /Fd"cmTC_adb26.dir\Debug\vc141.pdb" /Gd /TC /analyze- /errorReport:queue "D:\Program Files\CMake\share\cmake-3.8\Modules\CheckFunctionExists.c"
  
Link:
  D:\Program Files (x86)\Microsoft Visual Studio\2017\Community\VC\Tools\MSVC\14.10.25017\bin\HostX86\x86\link.exe /ERRORREPORT:QUEUE /OUT:"D:\cloud\Porphyrograph\share\freeglut-wacom\VC17\CMakeFiles\CMakeTmp\Debug\cmTC_adb26.exe" /INCREMENTAL /NOLOGO kernel32.lib user32.lib gdi32.lib winspool.lib shell32.lib ole32.lib oleaut32.lib uuid.lib comdlg32.lib advapi32.lib /MANIFEST /MANIFESTUAC:"level='asInvoker' uiAccess='false'" /manifest:embed /DEBUG /PDB:"D:/cloud/Porphyrograph/share/freeglut-wacom/VC17/CMakeFiles/CMakeTmp/Debug/cmTC_adb26.pdb" /SUBSYSTEM:CONSOLE /TLBID:1 /DYNAMICBASE /NXCOMPAT /IMPLIB:"D:/cloud/Porphyrograph/share/freeglut-wacom/VC17/CMakeFiles/CMakeTmp/Debug/cmTC_adb26.lib" /MACHINE:X86 /SAFESEH   /machine:X86 cmTC_adb26.dir\Debug\CheckFunctionExists.obj
CheckFunctionExists.obj : error LNK2019: unresolved external symbol _gettimeofday referenced in function _main [D:\cloud\Porphyrograph\share\freeglut-wacom\VC17\CMakeFiles\CMakeTmp\cmTC_adb26.vcxproj]
D:\cloud\Porphyrograph\share\freeglut-wacom\VC17\CMakeFiles\CMakeTmp\Debug\cmTC_adb26.exe : fatal error LNK1120: 1 unresolved externals [D:\cloud\Porphyrograph\share\freeglut-wacom\VC17\CMakeFiles\CMakeTmp\cmTC_adb26.vcxproj]
Done Building Project "D:\cloud\Porphyrograph\share\freeglut-wacom\VC17\CMakeFiles\CMakeTmp\cmTC_adb26.vcxproj" (default targets) -- FAILED.

Build FAILED.

"D:\cloud\Porphyrograph\share\freeglut-wacom\VC17\CMakeFiles\CMakeTmp\cmTC_adb26.vcxproj" (default target) (1) ->
(Link target) -> 
  CheckFunctionExists.obj : error LNK2019: unresolved external symbol _gettimeofday referenced in function _main [D:\cloud\Porphyrograph\share\freeglut-wacom\VC17\CMakeFiles\CMakeTmp\cmTC_adb26.vcxproj]
  D:\cloud\Porphyrograph\share\freeglut-wacom\VC17\CMakeFiles\CMakeTmp\Debug\cmTC_adb26.exe : fatal error LNK1120: 1 unresolved externals [D:\cloud\Porphyrograph\share\freeglut-wacom\VC17\CMakeFiles\CMakeTmp\cmTC_adb26.vcxproj]

    0 Warning(s)
    2 Error(s)

Time Elapsed 00:00:02.03


Determining if the function XParseGeometry exists failed with the following output:
Change Dir: D:/cloud/Porphyrograph/share/freeglut-wacom/VC17/CMakeFiles/CMakeTmp

Run Build Command:"D:\Program Files (x86)\Microsoft Visual Studio\2017\Community/MSBuild/15.0/Bin/MSBuild.exe" "cmTC_fa232.vcxproj" "/p:Configuration=Debug" "/p:VisualStudioVersion=15.0"
Microsoft (R) Build Engine version 15.1.1012.6693
Copyright (C) Microsoft Corporation. All rights reserved.

Build started 7/4/2017 11:48:00 PM.
Project "D:\cloud\Porphyrograph\share\freeglut-wacom\VC17\CMakeFiles\CMakeTmp\cmTC_fa232.vcxproj" on node 1 (default targets).
PrepareForBuild:
  Creating directory "cmTC_fa232.dir\Debug\".
  Creating directory "D:\cloud\Porphyrograph\share\freeglut-wacom\VC17\CMakeFiles\CMakeTmp\Debug\".
  Creating directory "cmTC_fa232.dir\Debug\cmTC_fa232.tlog\".
InitializeBuildStatus:
  Creating "cmTC_fa232.dir\Debug\cmTC_fa232.tlog\unsuccessfulbuild" because "AlwaysCreate" was specified.
ClCompile:
  D:\Program Files (x86)\Microsoft Visual Studio\2017\Community\VC\Tools\MSVC\14.10.25017\bin\HostX86\x86\CL.exe /c /Zi /W3 /WX- /diagnostics:classic /Od /Ob0 /Oy- /D WIN32 /D _WINDOWS /D CHECK_FUNCTION_EXISTS=XParseGeometry /D "CMAKE_INTDIR=\"Debug\"" /D _MBCS /Gm- /RTC1 /MDd /GS /fp:precise /Zc:wchar_t /Zc:forScope /Zc:inline /Fo"cmTC_fa232.dir\Debug\\" /Fd"cmTC_fa232.dir\Debug\vc141.pdb" /Gd /TC /analyze- /errorReport:queue "D:\Program Files\CMake\share\cmake-3.8\Modules\CheckFunctionExists.c"
  Microsoft (R) C/C++ Optimizing Compiler Version 19.10.25019 for x86
  Copyright (C) Microsoft Corporation.  All rights reserved.
  
  CheckFunctionExists.c
  cl /c /Zi /W3 /WX- /diagnostics:classic /Od /Ob0 /Oy- /D WIN32 /D _WINDOWS /D CHECK_FUNCTION_EXISTS=XParseGeometry /D "CMAKE_INTDIR=\"Debug\"" /D _MBCS /Gm- /RTC1 /MDd /GS /fp:precise /Zc:wchar_t /Zc:forScope /Zc:inline /Fo"cmTC_fa232.dir\Debug\\" /Fd"cmTC_fa232.dir\Debug\vc141.pdb" /Gd /TC /analyze- /errorReport:queue "D:\Program Files\CMake\share\cmake-3.8\Modules\CheckFunctionExists.c"
  
Link:
  D:\Program Files (x86)\Microsoft Visual Studio\2017\Community\VC\Tools\MSVC\14.10.25017\bin\HostX86\x86\link.exe /ERRORREPORT:QUEUE /OUT:"D:\cloud\Porphyrograph\share\freeglut-wacom\VC17\CMakeFiles\CMakeTmp\Debug\cmTC_fa232.exe" /INCREMENTAL /NOLOGO kernel32.lib user32.lib gdi32.lib winspool.lib shell32.lib ole32.lib oleaut32.lib uuid.lib comdlg32.lib advapi32.lib /MANIFEST /MANIFESTUAC:"level='asInvoker' uiAccess='false'" /manifest:embed /DEBUG /PDB:"D:/cloud/Porphyrograph/share/freeglut-wacom/VC17/CMakeFiles/CMakeTmp/Debug/cmTC_fa232.pdb" /SUBSYSTEM:CONSOLE /TLBID:1 /DYNAMICBASE /NXCOMPAT /IMPLIB:"D:/cloud/Porphyrograph/share/freeglut-wacom/VC17/CMakeFiles/CMakeTmp/Debug/cmTC_fa232.lib" /MACHINE:X86 /SAFESEH   /machine:X86 cmTC_fa232.dir\Debug\CheckFunctionExists.obj
CheckFunctionExists.obj : error LNK2019: unresolved external symbol _XParseGeometry referenced in function _main [D:\cloud\Porphyrograph\share\freeglut-wacom\VC17\CMakeFiles\CMakeTmp\cmTC_fa232.vcxproj]
D:\cloud\Porphyrograph\share\freeglut-wacom\VC17\CMakeFiles\CMakeTmp\Debug\cmTC_fa232.exe : fatal error LNK1120: 1 unresolved externals [D:\cloud\Porphyrograph\share\freeglut-wacom\VC17\CMakeFiles\CMakeTmp\cmTC_fa232.vcxproj]
Done Building Project "D:\cloud\Porphyrograph\share\freeglut-wacom\VC17\CMakeFiles\CMakeTmp\cmTC_fa232.vcxproj" (default targets) -- FAILED.

Build FAILED.

"D:\cloud\Porphyrograph\share\freeglut-wacom\VC17\CMakeFiles\CMakeTmp\cmTC_fa232.vcxproj" (default target) (1) ->
(Link target) -> 
  CheckFunctionExists.obj : error LNK2019: unresolved external symbol _XParseGeometry referenced in function _main [D:\cloud\Porphyrograph\share\freeglut-wacom\VC17\CMakeFiles\CMakeTmp\cmTC_fa232.vcxproj]
  D:\cloud\Porphyrograph\share\freeglut-wacom\VC17\CMakeFiles\CMakeTmp\Debug\cmTC_fa232.exe : fatal error LNK1120: 1 unresolved externals [D:\cloud\Porphyrograph\share\freeglut-wacom\VC17\CMakeFiles\CMakeTmp\cmTC_fa232.vcxproj]

    0 Warning(s)
    2 Error(s)

Time Elapsed 00:00:01.95


